[INFO] Scanning for projects...
[INFO] 
[INFO] -------------< com.Abhishek:AIAutonomousCompanySimulator >--------------
[INFO] Building  0.0.1-SNAPSHOT
[INFO]   from pom.xml
[INFO] --------------------------------[ jar ]---------------------------------
[INFO] 
[INFO] >>> spring-boot:3.5.6:run (default-cli) > test-compile @ AIAutonomousCompanySimulator >>>
[INFO] 
[INFO] --- resources:3.3.1:resources (default-resources) @ AIAutonomousCompanySimulator ---
[INFO] Copying 1 resource from src\main\resources to target\classes
[INFO] Copying 3 resources from src\main\resources to target\classes
[INFO] 
[INFO] --- compiler:3.14.0:compile (default-compile) @ AIAutonomousCompanySimulator ---
[INFO] Nothing to compile - all classes are up to date.
[INFO] 
[INFO] --- resources:3.3.1:testResources (default-testResources) @ AIAutonomousCompanySimulator ---
[INFO] skip non existing resourceDirectory D:\AIAutonomousCompanySimulator\AIAutonomousCompanySimulator\src\test\resources
[INFO] 
[INFO] --- compiler:3.14.0:testCompile (default-testCompile) @ AIAutonomousCompanySimulator ---
[INFO] No sources to compile
[INFO] 
[INFO] <<< spring-boot:3.5.6:run (default-cli) < test-compile @ AIAutonomousCompanySimulator <<<
[INFO] 
[INFO] 
[INFO] --- spring-boot:3.5.6:run (default-cli) @ AIAutonomousCompanySimulator ---
[INFO] Attaching agents: []

  .   ____          _            __ _ _
 /\\ / ___'_ __ _ _(_)_ __  __ _ \ \ \ \
( ( )\___ | '_ | '_| | '_ \/ _` | \ \ \ \
 \\/  ___)| |_)| | | | | || (_| |  ) ) ) )
  '  |____| .__|_| |_|_| |_\__, | / / / /
 =========|_|==============|___/=/_/_/_/

 :: Spring Boot ::                (v3.5.6)

2026-04-07T20:50:56.015+05:30  INFO 4764 --- [AIAutonomousCompanySimulator] [  restartedMain] [                                                 ] .AiAutonomousCompanySimulatorApplication : Starting AiAutonomousCompanySimulatorApplication using Java 25.0.1 with PID 4764 (D:\AIAutonomousCompanySimulator\AIAutonomousCompanySimulator\target\classes started by abhis in D:\AIAutonomousCompanySimulator\AIAutonomousCompanySimulator)
2026-04-07T20:50:56.020+05:30  INFO 4764 --- [AIAutonomousCompanySimulator] [  restartedMain] [                                                 ] .AiAutonomousCompanySimulatorApplication : No active profile set, falling back to 1 default profile: "default"
2026-04-07T20:50:56.081+05:30  INFO 4764 --- [AIAutonomousCompanySimulator] [  restartedMain] [                                                 ] .e.DevToolsPropertyDefaultsPostProcessor : Devtools property defaults active! Set 'spring.devtools.add-properties' to 'false' to disable
2026-04-07T20:50:56.098+05:30  INFO 4764 --- [AIAutonomousCompanySimulator] [  restartedMain] [                                                 ] .e.DevToolsPropertyDefaultsPostProcessor : For additional web related logging consider setting the 'logging.level.web' property to 'DEBUG'
2026-04-07T20:50:59.703+05:30  INFO 4764 --- [AIAutonomousCompanySimulator] [  restartedMain] [                                                 ] o.s.b.w.embedded.tomcat.TomcatWebServer  : Tomcat initialized with port 8082 (http)
2026-04-07T20:50:59.745+05:30  INFO 4764 --- [AIAutonomousCompanySimulator] [  restartedMain] [                                                 ] o.apache.catalina.core.StandardService   : Starting service [Tomcat]
2026-04-07T20:50:59.747+05:30  INFO 4764 --- [AIAutonomousCompanySimulator] [  restartedMain] [                                                 ] o.apache.catalina.core.StandardEngine    : Starting Servlet engine: [Apache Tomcat/10.1.46]
2026-04-07T20:50:59.931+05:30  INFO 4764 --- [AIAutonomousCompanySimulator] [  restartedMain] [                                                 ] o.a.c.c.C.[Tomcat].[localhost].[/]       : Initializing Spring embedded WebApplicationContext
2026-04-07T20:50:59.933+05:30  INFO 4764 --- [AIAutonomousCompanySimulator] [  restartedMain] [                                                 ] w.s.c.ServletWebServerApplicationContext : Root WebApplicationContext: initialization completed in 3833 ms
2026-04-07T20:51:00.832+05:30  WARN 4764 --- [AIAutonomousCompanySimulator] [  restartedMain] [                                                 ] .s.s.UserDetailsServiceAutoConfiguration : 

Using generated security password: 21d1e9df-f4c7-4901-b2a5-9c6454534bc0

This generated password is for development use only. Your security configuration must be updated before running your application in production.

2026-04-07T20:51:00.850+05:30  INFO 4764 --- [AIAutonomousCompanySimulator] [  restartedMain] [                                                 ] r$InitializeUserDetailsManagerConfigurer : Global AuthenticationManager configured with UserDetailsService bean with name inMemoryUserDetailsManager
2026-04-07T20:51:01.084+05:30  INFO 4764 --- [AIAutonomousCompanySimulator] [  restartedMain] [                                                 ] o.s.b.a.w.s.WelcomePageHandlerMapping    : Adding welcome page: class path resource [static/index.html]
2026-04-07T20:51:02.014+05:30  INFO 4764 --- [AIAutonomousCompanySimulator] [  restartedMain] [                                                 ] o.s.b.a.e.web.EndpointLinksResolver      : Exposing 1 endpoint beneath base path '/actuator'
2026-04-07T20:51:02.163+05:30  INFO 4764 --- [AIAutonomousCompanySimulator] [  restartedMain] [                                                 ] .w.s.a.s.AnnotationActionEndpointMapping : Supporting [WS-Addressing August 2004, WS-Addressing 1.0]
2026-04-07T20:51:02.234+05:30  WARN 4764 --- [AIAutonomousCompanySimulator] [  restartedMain] [                                                 ] o.s.b.d.a.OptionalLiveReloadServer       : Unable to start LiveReload server
2026-04-07T20:51:02.391+05:30  INFO 4764 --- [AIAutonomousCompanySimulator] [  restartedMain] [                                                 ] o.s.b.w.embedded.tomcat.TomcatWebServer  : Tomcat started on port 8082 (http) with context path '/'
2026-04-07T20:51:02.425+05:30  INFO 4764 --- [AIAutonomousCompanySimulator] [  restartedMain] [                                                 ] .AiAutonomousCompanySimulatorApplication : Started AiAutonomousCompanySimulatorApplication in 6.918 seconds (process running for 7.478)
2026-04-07T20:51:11.403+05:30  INFO 4764 --- [AIAutonomousCompanySimulator] [nio-8082-exec-1] [                                                 ] o.a.c.c.C.[Tomcat].[localhost].[/]       : Initializing Spring DispatcherServlet 'dispatcherServlet'
2026-04-07T20:51:11.405+05:30  INFO 4764 --- [AIAutonomousCompanySimulator] [nio-8082-exec-1] [                                                 ] o.s.web.servlet.DispatcherServlet        : Initializing Servlet 'dispatcherServlet'
2026-04-07T20:51:11.408+05:30  INFO 4764 --- [AIAutonomousCompanySimulator] [nio-8082-exec-1] [                                                 ] o.s.web.servlet.DispatcherServlet        : Completed initialization in 2 ms
